2022-01-25 14:47:47.453  INFO 26808 --- [restartedMain] c.l.e.SpringBootEcommerceApplication     : Starting SpringBootEcommerceApplication using Java 11.0.11 on LAPTOP-IPUJ7740 with PID 26808 (D:\sideproject\udemy_shop\udemy_shop\spring-boot-ecommerce\target\classes started by miste in D:\sideproject\udemy_shop\udemy_shop\spring-boot-ecommerce)
2022-01-25 14:47:47.457  INFO 26808 --- [restartedMain] c.l.e.SpringBootEcommerceApplication     : No active profile set, falling back to default profiles: default
2022-01-25 14:47:47.518  INFO 26808 --- [restartedMain] .e.DevToolsPropertyDefaultsPostProcessor : Devtools property defaults active! Set 'spring.devtools.add-properties' to 'false' to disable
2022-01-25 14:47:47.519  INFO 26808 --- [restartedMain] .e.DevToolsPropertyDefaultsPostProcessor : For additional web related logging consider setting the 'logging.level.web' property to 'DEBUG'
2022-01-25 14:47:49.034  INFO 19452 --- [restartedMain] c.l.e.SpringBootEcommerceApplication     : Starting SpringBootEcommerceApplication using Java 11.0.11 on LAPTOP-IPUJ7740 with PID 19452 (D:\sideproject\udemy_shop\udemy_shop\spring-boot-ecommerce\target\classes started by miste in D:\sideproject\udemy_shop\udemy_shop\spring-boot-ecommerce)
2022-01-25 14:47:49.034  INFO 19452 --- [restartedMain] c.l.e.SpringBootEcommerceApplication     : No active profile set, falling back to default profiles: default
2022-01-25 14:47:49.329  INFO 19452 --- [restartedMain] .s.d.r.c.RepositoryConfigurationDelegate : Bootstrapping Spring Data JPA repositories in DEFAULT mode.
2022-01-25 14:47:49.399  INFO 19452 --- [restartedMain] .s.d.r.c.RepositoryConfigurationDelegate : Finished Spring Data repository scanning in 68 ms. Found 5 JPA repository interfaces.
2022-01-25 14:47:49.651  INFO 19452 --- [restartedMain] o.s.b.w.embedded.tomcat.TomcatWebServer  : Tomcat initialized with port(s): 8080 (http)
2022-01-25 14:47:49.652  INFO 19452 --- [restartedMain] o.apache.catalina.core.StandardService   : Starting service [Tomcat]
2022-01-25 14:47:49.653  INFO 19452 --- [restartedMain] org.apache.catalina.core.StandardEngine  : Starting Servlet engine: [Apache Tomcat/9.0.48]
2022-01-25 14:47:49.693  INFO 19452 --- [restartedMain] o.a.c.c.C.[Tomcat].[localhost].[/]       : Initializing Spring embedded WebApplicationContext
2022-01-25 14:47:49.693  INFO 19452 --- [restartedMain] w.s.c.ServletWebServerApplicationContext : Root WebApplicationContext: initialization completed in 656 ms
2022-01-25 14:47:49.735  INFO 19452 --- [restartedMain] com.zaxxer.hikari.HikariDataSource       : HikariPool-2 - Starting...
2022-01-25 14:47:49.746  INFO 19452 --- [restartedMain] com.zaxxer.hikari.HikariDataSource       : HikariPool-2 - Start completed.
2022-01-25 14:47:49.752  INFO 19452 --- [restartedMain] o.hibernate.jpa.internal.util.LogHelper  : HHH000204: Processing PersistenceUnitInfo [name: default]
2022-01-25 14:47:49.757  INFO 19452 --- [restartedMain] org.hibernate.dialect.Dialect            : HHH000400: Using dialect: org.hibernate.dialect.MySQL8Dialect
2022-01-25 14:47:49.899  INFO 19452 --- [restartedMain] o.h.e.t.j.p.i.JtaPlatformInitiator       : HHH000490: Using JtaPlatform implementation: [org.hibernate.engine.transaction.jta.platform.internal.NoJtaPlatform]
2022-01-25 14:47:49.900  INFO 19452 --- [restartedMain] j.LocalContainerEntityManagerFactoryBean : Initialized JPA EntityManagerFactory for persistence unit 'default'
2022-01-25 14:47:49.996  WARN 19452 --- [restartedMain] JpaBaseConfiguration$JpaWebConfiguration : spring.jpa.open-in-view is enabled by default. Therefore, database queries may be performed during view rendering. Explicitly configure spring.jpa.open-in-view to disable this warning
2022-01-25 14:47:50.193  INFO 19452 --- [restartedMain] o.s.s.web.DefaultSecurityFilterChain     : Will secure any request with [org.springframework.security.web.context.request.async.WebAsyncManagerIntegrationFilter@1ad14b27, org.springframework.security.web.context.SecurityContextPersistenceFilter@3bdc171b, org.springframework.security.web.header.HeaderWriterFilter@41b8fb96, org.springframework.security.web.authentication.logout.LogoutFilter@456f7a24, org.springframework.security.web.savedrequest.RequestCacheAwareFilter@3e741797, org.springframework.security.web.servletapi.SecurityContextHolderAwareRequestFilter@38963f84, org.springframework.security.web.authentication.AnonymousAuthenticationFilter@5224b2b8, org.springframework.security.web.session.SessionManagementFilter@f353aa6, org.springframework.security.web.access.ExceptionTranslationFilter@5fbb52cd, org.springframework.security.web.access.intercept.FilterSecurityInterceptor@5f55a949]
2022-01-25 14:47:50.302  INFO 26808 --- [restartedMain] .s.d.r.c.RepositoryConfigurationDelegate : Bootstrapping Spring Data JPA repositories in DEFAULT mode.
2022-01-25 14:47:50.485  INFO 26808 --- [restartedMain] .s.d.r.c.RepositoryConfigurationDelegate : Finished Spring Data repository scanning in 168 ms. Found 5 JPA repository interfaces.
2022-01-25 14:47:50.886  INFO 19452 --- [restartedMain] o.s.b.d.a.OptionalLiveReloadServer       : LiveReload server is running on port 35729
2022-01-25 14:47:50.923  INFO 19452 --- [restartedMain] o.s.b.w.embedded.tomcat.TomcatWebServer  : Tomcat started on port(s): 8080 (http) with context path ''
2022-01-25 14:47:50.937  INFO 19452 --- [restartedMain] c.l.e.SpringBootEcommerceApplication     : Started SpringBootEcommerceApplication in 3.185 seconds (JVM running for 1763.478)
2022-01-25 14:47:50.944  INFO 19452 --- [restartedMain] .ConditionEvaluationDeltaLoggingListener : Condition evaluation unchanged
2022-01-25 14:47:51.779  INFO 26808 --- [restartedMain] o.s.b.w.embedded.tomcat.TomcatWebServer  : Tomcat initialized with port(s): 8080 (http)
2022-01-25 14:47:51.794  INFO 26808 --- [restartedMain] o.apache.catalina.core.StandardService   : Starting service [Tomcat]
2022-01-25 14:47:51.794  INFO 26808 --- [restartedMain] org.apache.catalina.core.StandardEngine  : Starting Servlet engine: [Apache Tomcat/9.0.48]
2022-01-25 14:47:51.935  INFO 26808 --- [restartedMain] o.a.c.c.C.[Tomcat].[localhost].[/]       : Initializing Spring embedded WebApplicationContext
2022-01-25 14:47:51.936  INFO 26808 --- [restartedMain] w.s.c.ServletWebServerApplicationContext : Root WebApplicationContext: initialization completed in 2939 ms
2022-01-25 14:47:52.216  INFO 26808 --- [restartedMain] com.zaxxer.hikari.HikariDataSource       : HikariPool-1 - Starting...
2022-01-25 14:47:52.375  INFO 26808 --- [restartedMain] com.zaxxer.hikari.HikariDataSource       : HikariPool-1 - Start completed.
2022-01-25 14:47:52.444  INFO 26808 --- [restartedMain] o.hibernate.jpa.internal.util.LogHelper  : HHH000204: Processing PersistenceUnitInfo [name: default]
2022-01-25 14:47:52.502  INFO 26808 --- [restartedMain] org.hibernate.Version                    : HHH000412: Hibernate ORM core version 5.4.32.Final
2022-01-25 14:47:52.615  INFO 26808 --- [restartedMain] o.hibernate.annotations.common.Version   : HCANN000001: Hibernate Commons Annotations {5.1.2.Final}
2022-01-25 14:47:52.700  INFO 26808 --- [restartedMain] org.hibernate.dialect.Dialect            : HHH000400: Using dialect: org.hibernate.dialect.MySQL8Dialect
2022-01-25 14:47:53.349  INFO 26808 --- [restartedMain] o.h.e.t.j.p.i.JtaPlatformInitiator       : HHH000490: Using JtaPlatform implementation: [org.hibernate.engine.transaction.jta.platform.internal.NoJtaPlatform]
2022-01-25 14:47:53.357  INFO 26808 --- [restartedMain] j.LocalContainerEntityManagerFactoryBean : Initialized JPA EntityManagerFactory for persistence unit 'default'
2022-01-25 14:47:53.592  WARN 26808 --- [restartedMain] JpaBaseConfiguration$JpaWebConfiguration : spring.jpa.open-in-view is enabled by default. Therefore, database queries may be performed during view rendering. Explicitly configure spring.jpa.open-in-view to disable this warning
2022-01-25 14:47:54.220  INFO 26808 --- [restartedMain] o.s.s.web.DefaultSecurityFilterChain     : Will secure any request with [org.springframework.security.web.context.request.async.WebAsyncManagerIntegrationFilter@522542a, org.springframework.security.web.context.SecurityContextPersistenceFilter@65d45c9e, org.springframework.security.web.header.HeaderWriterFilter@7bc9659e, org.springframework.security.web.authentication.logout.LogoutFilter@360ea876, org.springframework.security.web.savedrequest.RequestCacheAwareFilter@1cf82c3c, org.springframework.security.web.servletapi.SecurityContextHolderAwareRequestFilter@4e5b52f0, org.springframework.security.web.authentication.AnonymousAuthenticationFilter@5546ff99, org.springframework.security.web.session.SessionManagementFilter@26da7167, org.springframework.security.web.access.ExceptionTranslationFilter@57f3149b, org.springframework.security.web.access.intercept.FilterSecurityInterceptor@1c65a47a]
2022-01-25 14:47:55.560  WARN 26808 --- [restartedMain] o.s.b.d.a.OptionalLiveReloadServer       : Unable to start LiveReload server
2022-01-25 14:47:55.584  WARN 26808 --- [restartedMain] ConfigServletWebServerApplicationContext : Exception encountered during context initialization - cancelling refresh attempt: org.springframework.context.ApplicationContextException: Failed to start bean 'webServerStartStop'; nested exception is org.springframework.boot.web.server.PortInUseException: Port 8080 is already in use
2022-01-25 14:47:55.588  INFO 26808 --- [restartedMain] j.LocalContainerEntityManagerFactoryBean : Closing JPA EntityManagerFactory for persistence unit 'default'
2022-01-25 14:47:55.592  INFO 26808 --- [restartedMain] com.zaxxer.hikari.HikariDataSource       : HikariPool-1 - Shutdown initiated...
2022-01-25 14:47:55.603  INFO 26808 --- [restartedMain] com.zaxxer.hikari.HikariDataSource       : HikariPool-1 - Shutdown completed.
2022-01-25 14:47:55.606  INFO 26808 --- [restartedMain] o.apache.catalina.core.StandardService   : Stopping service [Tomcat]
2022-01-25 14:47:55.618  INFO 26808 --- [restartedMain] ConditionEvaluationReportLoggingListener : 

Error starting ApplicationContext. To display the conditions report re-run your application with 'debug' enabled.
2022-01-25 14:47:55.633 ERROR 26808 --- [restartedMain] o.s.b.d.LoggingFailureAnalysisReporter   : 

***************************
APPLICATION FAILED TO START
***************************

Description:

Web server failed to start. Port 8080 was already in use.

Action:

Identify and stop the process that's listening on port 8080 or configure this application to listen on another port.

2022-01-25 14:48:25.474  INFO 20976 --- [restartedMain] c.l.e.SpringBootEcommerceApplication     : Starting SpringBootEcommerceApplication using Java 11.0.11 on LAPTOP-IPUJ7740 with PID 20976 (D:\sideproject\udemy_shop\udemy_shop\spring-boot-ecommerce\target\classes started by miste in D:\sideproject\udemy_shop\udemy_shop\spring-boot-ecommerce)
2022-01-25 14:48:25.476  INFO 20976 --- [restartedMain] c.l.e.SpringBootEcommerceApplication     : No active profile set, falling back to default profiles: default
2022-01-25 14:48:25.523  INFO 20976 --- [restartedMain] .e.DevToolsPropertyDefaultsPostProcessor : Devtools property defaults active! Set 'spring.devtools.add-properties' to 'false' to disable
2022-01-25 14:48:25.524  INFO 20976 --- [restartedMain] .e.DevToolsPropertyDefaultsPostProcessor : For additional web related logging consider setting the 'logging.level.web' property to 'DEBUG'
2022-01-25 14:48:26.223  INFO 20976 --- [restartedMain] .s.d.r.c.RepositoryConfigurationDelegate : Bootstrapping Spring Data JPA repositories in DEFAULT mode.
2022-01-25 14:48:26.300  INFO 20976 --- [restartedMain] .s.d.r.c.RepositoryConfigurationDelegate : Finished Spring Data repository scanning in 66 ms. Found 5 JPA repository interfaces.
2022-01-25 14:48:27.113  INFO 20976 --- [restartedMain] o.s.b.w.embedded.tomcat.TomcatWebServer  : Tomcat initialized with port(s): 8080 (http)
2022-01-25 14:48:27.125  INFO 20976 --- [restartedMain] o.apache.catalina.core.StandardService   : Starting service [Tomcat]
2022-01-25 14:48:27.126  INFO 20976 --- [restartedMain] org.apache.catalina.core.StandardEngine  : Starting Servlet engine: [Apache Tomcat/9.0.48]
2022-01-25 14:48:27.223  INFO 20976 --- [restartedMain] o.a.c.c.C.[Tomcat].[localhost].[/]       : Initializing Spring embedded WebApplicationContext
2022-01-25 14:48:27.223  INFO 20976 --- [restartedMain] w.s.c.ServletWebServerApplicationContext : Root WebApplicationContext: initialization completed in 1699 ms
2022-01-25 14:48:27.468  INFO 20976 --- [restartedMain] com.zaxxer.hikari.HikariDataSource       : HikariPool-1 - Starting...
2022-01-25 14:48:27.699  INFO 20976 --- [restartedMain] com.zaxxer.hikari.HikariDataSource       : HikariPool-1 - Start completed.
2022-01-25 14:48:27.759  INFO 20976 --- [restartedMain] o.hibernate.jpa.internal.util.LogHelper  : HHH000204: Processing PersistenceUnitInfo [name: default]
2022-01-25 14:48:27.807  INFO 20976 --- [restartedMain] org.hibernate.Version                    : HHH000412: Hibernate ORM core version 5.4.32.Final
2022-01-25 14:48:27.929  INFO 20976 --- [restartedMain] o.hibernate.annotations.common.Version   : HCANN000001: Hibernate Commons Annotations {5.1.2.Final}
2022-01-25 14:48:28.023  INFO 20976 --- [restartedMain] org.hibernate.dialect.Dialect            : HHH000400: Using dialect: org.hibernate.dialect.MySQL8Dialect
2022-01-25 14:48:28.633  INFO 20976 --- [restartedMain] o.h.e.t.j.p.i.JtaPlatformInitiator       : HHH000490: Using JtaPlatform implementation: [org.hibernate.engine.transaction.jta.platform.internal.NoJtaPlatform]
2022-01-25 14:48:28.643  INFO 20976 --- [restartedMain] j.LocalContainerEntityManagerFactoryBean : Initialized JPA EntityManagerFactory for persistence unit 'default'
2022-01-25 14:48:28.852  WARN 20976 --- [restartedMain] JpaBaseConfiguration$JpaWebConfiguration : spring.jpa.open-in-view is enabled by default. Therefore, database queries may be performed during view rendering. Explicitly configure spring.jpa.open-in-view to disable this warning
2022-01-25 14:48:29.506  INFO 20976 --- [restartedMain] o.s.s.web.DefaultSecurityFilterChain     : Will secure any request with [org.springframework.security.web.context.request.async.WebAsyncManagerIntegrationFilter@3264c4f0, org.springframework.security.web.context.SecurityContextPersistenceFilter@2ff40c35, org.springframework.security.web.header.HeaderWriterFilter@68e2c344, org.springframework.security.web.authentication.logout.LogoutFilter@59e33517, org.springframework.security.web.savedrequest.RequestCacheAwareFilter@35c3f330, org.springframework.security.web.servletapi.SecurityContextHolderAwareRequestFilter@36502f44, org.springframework.security.web.authentication.AnonymousAuthenticationFilter@1cd0a93a, org.springframework.security.web.session.SessionManagementFilter@5fa3900e, org.springframework.security.web.access.ExceptionTranslationFilter@747e732c, org.springframework.security.web.access.intercept.FilterSecurityInterceptor@d35cd33]
2022-01-25 14:48:30.953  WARN 20976 --- [restartedMain] o.s.b.d.a.OptionalLiveReloadServer       : Unable to start LiveReload server
2022-01-25 14:48:30.973  WARN 20976 --- [restartedMain] ConfigServletWebServerApplicationContext : Exception encountered during context initialization - cancelling refresh attempt: org.springframework.context.ApplicationContextException: Failed to start bean 'webServerStartStop'; nested exception is org.springframework.boot.web.server.PortInUseException: Port 8080 is already in use
2022-01-25 14:48:30.979  INFO 20976 --- [restartedMain] j.LocalContainerEntityManagerFactoryBean : Closing JPA EntityManagerFactory for persistence unit 'default'
2022-01-25 14:48:30.983  INFO 20976 --- [restartedMain] com.zaxxer.hikari.HikariDataSource       : HikariPool-1 - Shutdown initiated...
2022-01-25 14:48:30.994  INFO 20976 --- [restartedMain] com.zaxxer.hikari.HikariDataSource       : HikariPool-1 - Shutdown completed.
2022-01-25 14:48:30.996  INFO 20976 --- [restartedMain] o.apache.catalina.core.StandardService   : Stopping service [Tomcat]
2022-01-25 14:48:31.007  INFO 20976 --- [restartedMain] ConditionEvaluationReportLoggingListener : 

Error starting ApplicationContext. To display the conditions report re-run your application with 'debug' enabled.
2022-01-25 14:48:31.029 ERROR 20976 --- [restartedMain] o.s.b.d.LoggingFailureAnalysisReporter   : 

***************************
APPLICATION FAILED TO START
***************************

Description:

Web server failed to start. Port 8080 was already in use.

Action:

Identify and stop the process that's listening on port 8080 or configure this application to listen on another port.

2022-01-25 14:48:48.781  INFO 15824 --- [restartedMain] c.l.e.SpringBootEcommerceApplication     : Starting SpringBootEcommerceApplication using Java 11.0.11 on LAPTOP-IPUJ7740 with PID 15824 (D:\sideproject\udemy_shop\udemy_shop\spring-boot-ecommerce\target\classes started by miste in D:\sideproject\udemy_shop\udemy_shop\spring-boot-ecommerce)
2022-01-25 14:48:48.783  INFO 15824 --- [restartedMain] c.l.e.SpringBootEcommerceApplication     : No active profile set, falling back to default profiles: default
2022-01-25 14:48:48.826  INFO 15824 --- [restartedMain] .e.DevToolsPropertyDefaultsPostProcessor : Devtools property defaults active! Set 'spring.devtools.add-properties' to 'false' to disable
2022-01-25 14:48:48.826  INFO 15824 --- [restartedMain] .e.DevToolsPropertyDefaultsPostProcessor : For additional web related logging consider setting the 'logging.level.web' property to 'DEBUG'
2022-01-25 14:48:49.543  INFO 15824 --- [restartedMain] .s.d.r.c.RepositoryConfigurationDelegate : Bootstrapping Spring Data JPA repositories in DEFAULT mode.
2022-01-25 14:48:49.608  INFO 15824 --- [restartedMain] .s.d.r.c.RepositoryConfigurationDelegate : Finished Spring Data repository scanning in 55 ms. Found 5 JPA repository interfaces.
2022-01-25 14:48:50.422  INFO 15824 --- [restartedMain] o.s.b.w.embedded.tomcat.TomcatWebServer  : Tomcat initialized with port(s): 8080 (http)
2022-01-25 14:48:50.433  INFO 15824 --- [restartedMain] o.apache.catalina.core.StandardService   : Starting service [Tomcat]
2022-01-25 14:48:50.433  INFO 15824 --- [restartedMain] org.apache.catalina.core.StandardEngine  : Starting Servlet engine: [Apache Tomcat/9.0.48]
2022-01-25 14:48:50.535  INFO 15824 --- [restartedMain] o.a.c.c.C.[Tomcat].[localhost].[/]       : Initializing Spring embedded WebApplicationContext
2022-01-25 14:48:50.536  INFO 15824 --- [restartedMain] w.s.c.ServletWebServerApplicationContext : Root WebApplicationContext: initialization completed in 1710 ms
2022-01-25 14:48:50.786  INFO 15824 --- [restartedMain] com.zaxxer.hikari.HikariDataSource       : HikariPool-1 - Starting...
2022-01-25 14:48:50.937  INFO 15824 --- [restartedMain] com.zaxxer.hikari.HikariDataSource       : HikariPool-1 - Start completed.
2022-01-25 14:48:51.002  INFO 15824 --- [restartedMain] o.hibernate.jpa.internal.util.LogHelper  : HHH000204: Processing PersistenceUnitInfo [name: default]
2022-01-25 14:48:51.056  INFO 15824 --- [restartedMain] org.hibernate.Version                    : HHH000412: Hibernate ORM core version 5.4.32.Final
2022-01-25 14:48:51.178  INFO 15824 --- [restartedMain] o.hibernate.annotations.common.Version   : HCANN000001: Hibernate Commons Annotations {5.1.2.Final}
2022-01-25 14:48:51.272  INFO 15824 --- [restartedMain] org.hibernate.dialect.Dialect            : HHH000400: Using dialect: org.hibernate.dialect.MySQL8Dialect
2022-01-25 14:48:51.908  INFO 15824 --- [restartedMain] o.h.e.t.j.p.i.JtaPlatformInitiator       : HHH000490: Using JtaPlatform implementation: [org.hibernate.engine.transaction.jta.platform.internal.NoJtaPlatform]
2022-01-25 14:48:51.916  INFO 15824 --- [restartedMain] j.LocalContainerEntityManagerFactoryBean : Initialized JPA EntityManagerFactory for persistence unit 'default'
2022-01-25 14:48:52.158  WARN 15824 --- [restartedMain] JpaBaseConfiguration$JpaWebConfiguration : spring.jpa.open-in-view is enabled by default. Therefore, database queries may be performed during view rendering. Explicitly configure spring.jpa.open-in-view to disable this warning
2022-01-25 14:48:52.802  INFO 15824 --- [restartedMain] o.s.s.web.DefaultSecurityFilterChain     : Will secure any request with [org.springframework.security.web.context.request.async.WebAsyncManagerIntegrationFilter@3d69cfaa, org.springframework.security.web.context.SecurityContextPersistenceFilter@5c8c7a54, org.springframework.security.web.header.HeaderWriterFilter@354e21e1, org.springframework.security.web.authentication.logout.LogoutFilter@1d2dcabd, org.springframework.security.web.savedrequest.RequestCacheAwareFilter@21ab4e42, org.springframework.security.web.servletapi.SecurityContextHolderAwareRequestFilter@7f26cbe4, org.springframework.security.web.authentication.AnonymousAuthenticationFilter@6867623a, org.springframework.security.web.session.SessionManagementFilter@13361b27, org.springframework.security.web.access.ExceptionTranslationFilter@a5ecf3e, org.springframework.security.web.access.intercept.FilterSecurityInterceptor@67603e48]
2022-01-25 14:48:54.218  INFO 15824 --- [restartedMain] o.s.b.d.a.OptionalLiveReloadServer       : LiveReload server is running on port 35729
2022-01-25 14:48:54.253  INFO 15824 --- [restartedMain] o.s.b.w.embedded.tomcat.TomcatWebServer  : Tomcat started on port(s): 8080 (http) with context path ''
2022-01-25 14:48:54.261  INFO 15824 --- [restartedMain] c.l.e.SpringBootEcommerceApplication     : Started SpringBootEcommerceApplication in 6.303 seconds (JVM running for 6.858)
2022-01-25 14:49:02.341  INFO 15824 --- [http-nio-8080-exec-1] o.a.c.c.C.[Tomcat].[localhost].[/]       : Initializing Spring DispatcherServlet 'dispatcherServlet'
2022-01-25 14:49:02.342  INFO 15824 --- [http-nio-8080-exec-1] o.s.web.servlet.DispatcherServlet        : Initializing Servlet 'dispatcherServlet'
2022-01-25 14:49:02.344  INFO 15824 --- [http-nio-8080-exec-1] o.s.web.servlet.DispatcherServlet        : Completed initialization in 1 ms
2022-01-25 14:49:02.601 DEBUG 15824 --- [http-nio-8080-exec-2] org.hibernate.SQL                        : 
    select
        product0_.id as id1_5_,
        product0_.active as active2_5_,
        product0_.category_id as categor11_5_,
        product0_.date_created as date_cre3_5_,
        product0_.description as descript4_5_,
        product0_.image_url as image_ur5_5_,
        product0_.last_updated as last_upd6_5_,
        product0_.name as name7_5_,
        product0_.sku as sku8_5_,
        product0_.unit_price as unit_pri9_5_,
        product0_.units_in_stock as units_i10_5_ 
    from
        product product0_ 
    left outer join
        product_category productcat1_ 
            on product0_.category_id=productcat1_.id 
    where
        productcat1_.id=? limit ?
2022-01-25 14:49:02.601 DEBUG 15824 --- [http-nio-8080-exec-1] org.hibernate.SQL                        : 
    select
        productcat0_.id as id1_6_,
        productcat0_.category_name as category2_6_ 
    from
        product_category productcat0_ limit ?
2022-01-25 14:49:02.623 TRACE 15824 --- [http-nio-8080-exec-2] o.h.type.descriptor.sql.BasicBinder      : binding parameter [1] as [BIGINT] - [1]
2022-01-25 14:49:02.651 DEBUG 15824 --- [http-nio-8080-exec-2] org.hibernate.SQL                        : 
    select
        productcat0_.id as id1_6_0_,
        productcat0_.category_name as category2_6_0_ 
    from
        product_category productcat0_ 
    where
        productcat0_.id=?
2022-01-25 14:49:02.652 TRACE 15824 --- [http-nio-8080-exec-2] o.h.type.descriptor.sql.BasicBinder      : binding parameter [1] as [BIGINT] - [1]
2022-01-25 14:49:02.667 DEBUG 15824 --- [http-nio-8080-exec-2] org.hibernate.SQL                        : 
    select
        count(product0_.id) as col_0_0_ 
    from
        product product0_ 
    left outer join
        product_category productcat1_ 
            on product0_.category_id=productcat1_.id 
    where
        productcat1_.id=?
2022-01-25 14:49:02.667 TRACE 15824 --- [http-nio-8080-exec-2] o.h.type.descriptor.sql.BasicBinder      : binding parameter [1] as [BIGINT] - [1]
2022-01-25 14:50:04.278  INFO 24552 --- [restartedMain] c.l.e.SpringBootEcommerceApplication     : Starting SpringBootEcommerceApplication using Java 11.0.11 on LAPTOP-IPUJ7740 with PID 24552 (D:\sideproject\udemy_shop\udemy_shop\spring-boot-ecommerce\target\classes started by miste in D:\sideproject\udemy_shop\udemy_shop\spring-boot-ecommerce)
2022-01-25 14:50:04.280  INFO 24552 --- [restartedMain] c.l.e.SpringBootEcommerceApplication     : No active profile set, falling back to default profiles: default
2022-01-25 14:50:04.323  INFO 24552 --- [restartedMain] .e.DevToolsPropertyDefaultsPostProcessor : Devtools property defaults active! Set 'spring.devtools.add-properties' to 'false' to disable
2022-01-25 14:50:04.323  INFO 24552 --- [restartedMain] .e.DevToolsPropertyDefaultsPostProcessor : For additional web related logging consider setting the 'logging.level.web' property to 'DEBUG'
2022-01-25 14:50:05.131  INFO 24552 --- [restartedMain] .s.d.r.c.RepositoryConfigurationDelegate : Bootstrapping Spring Data JPA repositories in DEFAULT mode.
2022-01-25 14:50:05.210  INFO 24552 --- [restartedMain] .s.d.r.c.RepositoryConfigurationDelegate : Finished Spring Data repository scanning in 68 ms. Found 5 JPA repository interfaces.
2022-01-25 14:50:06.095  INFO 24552 --- [restartedMain] o.s.b.w.embedded.tomcat.TomcatWebServer  : Tomcat initialized with port(s): 8080 (http)
2022-01-25 14:50:06.108  INFO 24552 --- [restartedMain] o.apache.catalina.core.StandardService   : Starting service [Tomcat]
2022-01-25 14:50:06.109  INFO 24552 --- [restartedMain] org.apache.catalina.core.StandardEngine  : Starting Servlet engine: [Apache Tomcat/9.0.48]
2022-01-25 14:50:06.241  INFO 24552 --- [restartedMain] o.a.c.c.C.[Tomcat].[localhost].[/]       : Initializing Spring embedded WebApplicationContext
2022-01-25 14:50:06.242  INFO 24552 --- [restartedMain] w.s.c.ServletWebServerApplicationContext : Root WebApplicationContext: initialization completed in 1918 ms
2022-01-25 14:50:06.516  INFO 24552 --- [restartedMain] com.zaxxer.hikari.HikariDataSource       : HikariPool-1 - Starting...
2022-01-25 14:50:06.664  INFO 24552 --- [restartedMain] com.zaxxer.hikari.HikariDataSource       : HikariPool-1 - Start completed.
2022-01-25 14:50:06.719  INFO 24552 --- [restartedMain] o.hibernate.jpa.internal.util.LogHelper  : HHH000204: Processing PersistenceUnitInfo [name: default]
2022-01-25 14:50:06.762  INFO 24552 --- [restartedMain] org.hibernate.Version                    : HHH000412: Hibernate ORM core version 5.4.32.Final
2022-01-25 14:50:06.882  INFO 24552 --- [restartedMain] o.hibernate.annotations.common.Version   : HCANN000001: Hibernate Commons Annotations {5.1.2.Final}
2022-01-25 14:50:06.976  INFO 24552 --- [restartedMain] org.hibernate.dialect.Dialect            : HHH000400: Using dialect: org.hibernate.dialect.MySQL8Dialect
2022-01-25 14:50:07.627  INFO 24552 --- [restartedMain] o.h.e.t.j.p.i.JtaPlatformInitiator       : HHH000490: Using JtaPlatform implementation: [org.hibernate.engine.transaction.jta.platform.internal.NoJtaPlatform]
2022-01-25 14:50:07.637  INFO 24552 --- [restartedMain] j.LocalContainerEntityManagerFactoryBean : Initialized JPA EntityManagerFactory for persistence unit 'default'
2022-01-25 14:50:07.882  WARN 24552 --- [restartedMain] JpaBaseConfiguration$JpaWebConfiguration : spring.jpa.open-in-view is enabled by default. Therefore, database queries may be performed during view rendering. Explicitly configure spring.jpa.open-in-view to disable this warning
2022-01-25 14:50:08.714  INFO 24552 --- [restartedMain] o.s.s.web.DefaultSecurityFilterChain     : Will secure any request with [org.springframework.security.web.context.request.async.WebAsyncManagerIntegrationFilter@e877603, org.springframework.security.web.context.SecurityContextPersistenceFilter@3917e4bf, org.springframework.security.web.header.HeaderWriterFilter@7dfbb652, org.springframework.security.web.authentication.logout.LogoutFilter@2ba927ae, org.springframework.security.web.savedrequest.RequestCacheAwareFilter@1c1b1a54, org.springframework.security.web.servletapi.SecurityContextHolderAwareRequestFilter@69034173, org.springframework.security.web.authentication.AnonymousAuthenticationFilter@71bd022f, org.springframework.security.web.session.SessionManagementFilter@5a1a800, org.springframework.security.web.access.ExceptionTranslationFilter@503203e8, org.springframework.security.web.access.intercept.FilterSecurityInterceptor@de10b5e]
2022-01-25 14:50:10.034  INFO 24552 --- [restartedMain] o.s.b.d.a.OptionalLiveReloadServer       : LiveReload server is running on port 35729
2022-01-25 14:50:10.079  INFO 24552 --- [restartedMain] o.s.b.w.embedded.tomcat.TomcatWebServer  : Tomcat started on port(s): 8080 (http) with context path ''
2022-01-25 14:50:10.088  INFO 24552 --- [restartedMain] c.l.e.SpringBootEcommerceApplication     : Started SpringBootEcommerceApplication in 6.681 seconds (JVM running for 7.281)
2022-01-25 14:50:19.061  INFO 24552 --- [http-nio-8080-exec-1] o.a.c.c.C.[Tomcat].[localhost].[/]       : Initializing Spring DispatcherServlet 'dispatcherServlet'
2022-01-25 14:50:19.062  INFO 24552 --- [http-nio-8080-exec-1] o.s.web.servlet.DispatcherServlet        : Initializing Servlet 'dispatcherServlet'
2022-01-25 14:50:19.063  INFO 24552 --- [http-nio-8080-exec-1] o.s.web.servlet.DispatcherServlet        : Completed initialization in 1 ms
2022-01-25 14:50:19.294 DEBUG 24552 --- [http-nio-8080-exec-2] org.hibernate.SQL                        : 
    select
        product0_.id as id1_5_,
        product0_.active as active2_5_,
        product0_.category_id as categor11_5_,
        product0_.date_created as date_cre3_5_,
        product0_.description as descript4_5_,
        product0_.image_url as image_ur5_5_,
        product0_.last_updated as last_upd6_5_,
        product0_.name as name7_5_,
        product0_.sku as sku8_5_,
        product0_.unit_price as unit_pri9_5_,
        product0_.units_in_stock as units_i10_5_ 
    from
        product product0_ 
    left outer join
        product_category productcat1_ 
            on product0_.category_id=productcat1_.id 
    where
        productcat1_.id=? limit ?
2022-01-25 14:50:19.294 DEBUG 24552 --- [http-nio-8080-exec-1] org.hibernate.SQL                        : 
    select
        productcat0_.id as id1_6_,
        productcat0_.category_name as category2_6_ 
    from
        product_category productcat0_ limit ?
2022-01-25 14:50:19.314 TRACE 24552 --- [http-nio-8080-exec-2] o.h.type.descriptor.sql.BasicBinder      : binding parameter [1] as [BIGINT] - [1]
2022-01-25 14:50:19.334 DEBUG 24552 --- [http-nio-8080-exec-2] org.hibernate.SQL                        : 
    select
        productcat0_.id as id1_6_0_,
        productcat0_.category_name as category2_6_0_ 
    from
        product_category productcat0_ 
    where
        productcat0_.id=?
2022-01-25 14:50:19.335 TRACE 24552 --- [http-nio-8080-exec-2] o.h.type.descriptor.sql.BasicBinder      : binding parameter [1] as [BIGINT] - [1]
2022-01-25 14:50:19.346 DEBUG 24552 --- [http-nio-8080-exec-2] org.hibernate.SQL                        : 
    select
        count(product0_.id) as col_0_0_ 
    from
        product product0_ 
    left outer join
        product_category productcat1_ 
            on product0_.category_id=productcat1_.id 
    where
        productcat1_.id=?
2022-01-25 14:50:19.346 TRACE 24552 --- [http-nio-8080-exec-2] o.h.type.descriptor.sql.BasicBinder      : binding parameter [1] as [BIGINT] - [1]
2022-01-25 14:51:22.793  INFO 24552 --- [Thread-5] j.LocalContainerEntityManagerFactoryBean : Closing JPA EntityManagerFactory for persistence unit 'default'
2022-01-25 14:51:22.797  INFO 24552 --- [Thread-5] com.zaxxer.hikari.HikariDataSource       : HikariPool-1 - Shutdown initiated...
2022-01-25 14:51:22.806  INFO 24552 --- [Thread-5] com.zaxxer.hikari.HikariDataSource       : HikariPool-1 - Shutdown completed.
2022-01-25 14:51:22.922  INFO 24552 --- [restartedMain] c.l.e.SpringBootEcommerceApplication     : Starting SpringBootEcommerceApplication using Java 11.0.11 on LAPTOP-IPUJ7740 with PID 24552 (D:\sideproject\udemy_shop\udemy_shop\spring-boot-ecommerce\target\classes started by miste in D:\sideproject\udemy_shop\udemy_shop\spring-boot-ecommerce)
2022-01-25 14:51:22.922  INFO 24552 --- [restartedMain] c.l.e.SpringBootEcommerceApplication     : No active profile set, falling back to default profiles: default
2022-01-25 14:51:23.144  INFO 24552 --- [restartedMain] .s.d.r.c.RepositoryConfigurationDelegate : Bootstrapping Spring Data JPA repositories in DEFAULT mode.
2022-01-25 14:51:23.164  INFO 24552 --- [restartedMain] .s.d.r.c.RepositoryConfigurationDelegate : Finished Spring Data repository scanning in 19 ms. Found 5 JPA repository interfaces.
2022-01-25 14:51:23.284  INFO 24552 --- [restartedMain] o.s.b.w.embedded.tomcat.TomcatWebServer  : Tomcat initialized with port(s): 8080 (http)
2022-01-25 14:51:23.285  INFO 24552 --- [restartedMain] o.apache.catalina.core.StandardService   : Starting service [Tomcat]
2022-01-25 14:51:23.285  INFO 24552 --- [restartedMain] org.apache.catalina.core.StandardEngine  : Starting Servlet engine: [Apache Tomcat/9.0.48]
2022-01-25 14:51:23.313  INFO 24552 --- [restartedMain] o.a.c.c.C.[Tomcat].[localhost].[/]       : Initializing Spring embedded WebApplicationContext
2022-01-25 14:51:23.314  INFO 24552 --- [restartedMain] w.s.c.ServletWebServerApplicationContext : Root WebApplicationContext: initialization completed in 389 ms
2022-01-25 14:51:23.353  INFO 24552 --- [restartedMain] com.zaxxer.hikari.HikariDataSource       : HikariPool-2 - Starting...
2022-01-25 14:51:23.359  INFO 24552 --- [restartedMain] com.zaxxer.hikari.HikariDataSource       : HikariPool-2 - Start completed.
2022-01-25 14:51:23.364  INFO 24552 --- [restartedMain] o.hibernate.jpa.internal.util.LogHelper  : HHH000204: Processing PersistenceUnitInfo [name: default]
2022-01-25 14:51:23.369  INFO 24552 --- [restartedMain] org.hibernate.dialect.Dialect            : HHH000400: Using dialect: org.hibernate.dialect.MySQL8Dialect
2022-01-25 14:51:23.447  INFO 24552 --- [restartedMain] o.h.e.t.j.p.i.JtaPlatformInitiator       : HHH000490: Using JtaPlatform implementation: [org.hibernate.engine.transaction.jta.platform.internal.NoJtaPlatform]
2022-01-25 14:51:23.448  INFO 24552 --- [restartedMain] j.LocalContainerEntityManagerFactoryBean : Initialized JPA EntityManagerFactory for persistence unit 'default'
2022-01-25 14:51:23.523  WARN 24552 --- [restartedMain] JpaBaseConfiguration$JpaWebConfiguration : spring.jpa.open-in-view is enabled by default. Therefore, database queries may be performed during view rendering. Explicitly configure spring.jpa.open-in-view to disable this warning
2022-01-25 14:51:23.645  INFO 24552 --- [restartedMain] o.s.s.web.DefaultSecurityFilterChain     : Will secure any request with [org.springframework.security.web.context.request.async.WebAsyncManagerIntegrationFilter@75d2ba78, org.springframework.security.web.context.SecurityContextPersistenceFilter@5f642a3e, org.springframework.security.web.header.HeaderWriterFilter@2252e77f, org.springframework.security.web.authentication.logout.LogoutFilter@44f0ca41, org.springframework.security.web.savedrequest.RequestCacheAwareFilter@73d28e4f, org.springframework.security.web.servletapi.SecurityContextHolderAwareRequestFilter@460ee655, org.springframework.security.web.authentication.AnonymousAuthenticationFilter@155a67ca, org.springframework.security.web.session.SessionManagementFilter@6ca20d63, org.springframework.security.web.access.ExceptionTranslationFilter@13b7e5b8, org.springframework.security.web.access.intercept.FilterSecurityInterceptor@28a5bb53]
2022-01-25 14:51:24.009  INFO 24552 --- [restartedMain] o.s.b.d.a.OptionalLiveReloadServer       : LiveReload server is running on port 35729
2022-01-25 14:51:24.021  INFO 24552 --- [restartedMain] o.s.b.w.embedded.tomcat.TomcatWebServer  : Tomcat started on port(s): 8080 (http) with context path ''
2022-01-25 14:51:24.025  INFO 24552 --- [restartedMain] c.l.e.SpringBootEcommerceApplication     : Started SpringBootEcommerceApplication in 1.161 seconds (JVM running for 81.217)
2022-01-25 14:51:24.027  INFO 24552 --- [restartedMain] .ConditionEvaluationDeltaLoggingListener : Condition evaluation unchanged
2022-01-25 14:51:31.466  INFO 24552 --- [http-nio-8080-exec-3] o.a.c.c.C.[Tomcat].[localhost].[/]       : Initializing Spring DispatcherServlet 'dispatcherServlet'
2022-01-25 14:51:31.467  INFO 24552 --- [http-nio-8080-exec-3] o.s.web.servlet.DispatcherServlet        : Initializing Servlet 'dispatcherServlet'
2022-01-25 14:51:31.467  INFO 24552 --- [http-nio-8080-exec-3] o.s.web.servlet.DispatcherServlet        : Completed initialization in 0 ms
2022-01-25 14:51:31.477 DEBUG 24552 --- [http-nio-8080-exec-3] org.hibernate.SQL                        : 
    select
        productcat0_.id as id1_6_,
        productcat0_.category_name as category2_6_ 
    from
        product_category productcat0_ limit ?
2022-01-25 14:51:31.523 DEBUG 24552 --- [http-nio-8080-exec-4] org.hibernate.SQL                        : 
    select
        product0_.id as id1_5_,
        product0_.active as active2_5_,
        product0_.category_id as categor11_5_,
        product0_.date_created as date_cre3_5_,
        product0_.description as descript4_5_,
        product0_.image_url as image_ur5_5_,
        product0_.last_updated as last_upd6_5_,
        product0_.name as name7_5_,
        product0_.sku as sku8_5_,
        product0_.unit_price as unit_pri9_5_,
        product0_.units_in_stock as units_i10_5_ 
    from
        product product0_ 
    left outer join
        product_category productcat1_ 
            on product0_.category_id=productcat1_.id 
    where
        productcat1_.id=? limit ?
2022-01-25 14:51:31.524 TRACE 24552 --- [http-nio-8080-exec-4] o.h.type.descriptor.sql.BasicBinder      : binding parameter [1] as [BIGINT] - [1]
2022-01-25 14:51:31.530 DEBUG 24552 --- [http-nio-8080-exec-4] org.hibernate.SQL                        : 
    select
        productcat0_.id as id1_6_0_,
        productcat0_.category_name as category2_6_0_ 
    from
        product_category productcat0_ 
    where
        productcat0_.id=?
2022-01-25 14:51:31.530 TRACE 24552 --- [http-nio-8080-exec-4] o.h.type.descriptor.sql.BasicBinder      : binding parameter [1] as [BIGINT] - [1]
2022-01-25 14:51:31.535 DEBUG 24552 --- [http-nio-8080-exec-4] org.hibernate.SQL                        : 
    select
        count(product0_.id) as col_0_0_ 
    from
        product product0_ 
    left outer join
        product_category productcat1_ 
            on product0_.category_id=productcat1_.id 
    where
        productcat1_.id=?
2022-01-25 14:51:31.535 TRACE 24552 --- [http-nio-8080-exec-4] o.h.type.descriptor.sql.BasicBinder      : binding parameter [1] as [BIGINT] - [1]
2022-01-25 14:59:54.586  INFO 24552 --- [Thread-7] j.LocalContainerEntityManagerFactoryBean : Closing JPA EntityManagerFactory for persistence unit 'default'
2022-01-25 14:59:54.587  INFO 24552 --- [Thread-7] com.zaxxer.hikari.HikariDataSource       : HikariPool-2 - Shutdown initiated...
2022-01-25 14:59:54.591  INFO 24552 --- [Thread-7] com.zaxxer.hikari.HikariDataSource       : HikariPool-2 - Shutdown completed.
